This is pdfTeX, Version 3.141592653-2.6-1.40.24 (MiKTeX 22.3) (preloaded format=pdflatex 2022.8.18)  18 AUG 2022 21:10
entering extended mode
 restricted \write18 enabled.
 file:line:error style messages enabled.
 %&-line parsing enabled.
**c:/Users/carlo/OneDrive/Dokumente/jDPG/Praktikums-Auswertungs-Workshop/main.tex
(c:/Users/carlo/OneDrive/Dokumente/jDPG/Praktikums-Auswertungs-Workshop/main.tex
LaTeX2e <2022-06-01> pre-release-0 (develop 2022-8-18 branch)
L3 programming layer <2022-06-02> (C:\Program Files\MiKTeX\tex/latex/base\article.cls
Document Class: article 2021/10/04 v1.4n Standard LaTeX document class
(C:\Program Files\MiKTeX\tex/latex/base\size10.clo
File: size10.clo 2021/10/04 v1.4n Standard LaTeX file (size option)
)
\c@part=\count185
\c@section=\count186
\c@subsection=\count187
\c@subsubsection=\count188
\c@paragraph=\count189
\c@subparagraph=\count190
\c@figure=\count191
\c@table=\count192
\abovecaptionskip=\skip47
\belowcaptionskip=\skip48
\bibindent=\dimen138
) (C:\Program Files\MiKTeX\tex/latex/amsmath\amsmath.sty
Package: amsmath 2022/04/08 v2.17n AMS math features
\@mathmargin=\skip49

For additional information on amsmath, use the `?' option.
(C:\Program Files\MiKTeX\tex/latex/amsmath\amstext.sty
Package: amstext 2021/08/26 v2.01 AMS text
 (C:\Program Files\MiKTeX\tex/latex/amsmath\amsgen.sty
File: amsgen.sty 1999/11/30 v2.0 generic functions
\@emptytoks=\toks16
\ex@=\dimen139
)) (C:\Program Files\MiKTeX\tex/latex/amsmath\amsbsy.sty
Package: amsbsy 1999/11/29 v1.2d Bold Symbols
\pmbraise@=\dimen140
) (C:\Program Files\MiKTeX\tex/latex/amsmath\amsopn.sty
Package: amsopn 2022/04/08 v2.04 operator names
)
\inf@bad=\count193
LaTeX Info: Redefining \frac on input line 234.
\uproot@=\count194
\leftroot@=\count195
LaTeX Info: Redefining \overline on input line 399.
LaTeX Info: Redefining \colon on input line 410.
\classnum@=\count196
\DOTSCASE@=\count197
LaTeX Info: Redefining \ldots on input line 496.
LaTeX Info: Redefining \dots on input line 499.
LaTeX Info: Redefining \cdots on input line 620.
\Mathstrutbox@=\box51
\strutbox@=\box52
LaTeX Info: Redefining \big on input line 722.
LaTeX Info: Redefining \Big on input line 723.
LaTeX Info: Redefining \bigg on input line 724.
LaTeX Info: Redefining \Bigg on input line 725.
\big@size=\dimen141
LaTeX Font Info:    Redeclaring font encoding OML on input line 743.
LaTeX Font Info:    Redeclaring font encoding OMS on input line 744.
\macc@depth=\count198
LaTeX Info: Redefining \bmod on input line 905.
LaTeX Info: Redefining \pmod on input line 910.
LaTeX Info: Redefining \smash on input line 940.
LaTeX Info: Redefining \relbar on input line 970.
LaTeX Info: Redefining \Relbar on input line 971.
\c@MaxMatrixCols=\count199
\dotsspace@=\muskip16
\c@parentequation=\count266
\dspbrk@lvl=\count267
\tag@help=\toks17
\row@=\count268
\column@=\count269
\maxfields@=\count270
\andhelp@=\toks18
\eqnshift@=\dimen142
\alignsep@=\dimen143
\tagshift@=\dimen144
\tagwidth@=\dimen145
\totwidth@=\dimen146
\lineht@=\dimen147
\@envbody=\toks19
\multlinegap=\skip50
\multlinetaggap=\skip51
\mathdisplay@stack=\toks20
LaTeX Info: Redefining \[ on input line 2953.
LaTeX Info: Redefining \] on input line 2954.
) (C:\Program Files\MiKTeX\tex/latex/l3backend\l3backend-pdftex.def
File: l3backend-pdftex.def 2022-04-20 L3 backend support: PDF output (pdfTeX)
\l__color_backend_stack_int=\count271
\l__pdf_internal_box=\box53
) (c:\Users\carlo\OneDrive\Dokumente\jDPG\Praktikums-Auswertungs-Workshop\latex_output\main.aux)
\openout1 = `main.aux'.

LaTeX Font Info:    Checking defaults for OML/cmm/m/it on input line 4.
LaTeX Font Info:    ... okay on input line 4.
LaTeX Font Info:    Checking defaults for OMS/cmsy/m/n on input line 4.
LaTeX Font Info:    ... okay on input line 4.
LaTeX Font Info:    Checking defaults for OT1/cmr/m/n on input line 4.
LaTeX Font Info:    ... okay on input line 4.
LaTeX Font Info:    Checking defaults for T1/cmr/m/n on input line 4.
LaTeX Font Info:    ... okay on input line 4.
LaTeX Font Info:    Checking defaults for TS1/cmr/m/n on input line 4.
LaTeX Font Info:    ... okay on input line 4.
LaTeX Font Info:    Checking defaults for OMX/cmex/m/n on input line 4.
LaTeX Font Info:    ... okay on input line 4.
LaTeX Font Info:    Checking defaults for U/cmr/m/n on input line 4.
LaTeX Font Info:    ... okay on input line 4.
 (export.tex
export.tex:2: Undefined control sequence.
l.2 \toprule
            
The control sequence at the end of the top line
of your error message was never \def'ed. If you have
misspelled it (e.g., `\hobx'), type `I' and the correct
spelling (e.g., `I\hbox'). Otherwise just continue,
and I'll forget about whatever was undefined.

export.tex:3: Missing $ inserted.
<inserted text> 
                $
l.3 {} &         t &         x &     x_
                                       err &            x_un \\
I've inserted a begin-math/end-math symbol since I think
you left one out. Proceed, with fingers crossed.

export.tex:3: Extra }, or forgotten $.
<template> \unskip }
                    \hskip \tabcolsep \endtemplate 
l.3 {} &         t &         x &     x_err &
                                                        x_un \\
I've deleted a group-closing symbol because it seems to be
spurious, as in `$x}$'. But perhaps the } is legitimate and
you forgot something else, as in `\hbox{$x}'. In such cases
the way to recover is to insert both the forgotten and the
deleted material, e.g., by typing `I$}'.

export.tex:3: Missing $ inserted.
<inserted text> 
                $
l.3 {} &         t &         x &     x_err &
                                                        x_un \\
I've inserted a begin-math/end-math symbol since I think
you left one out. Proceed, with fingers crossed.

export.tex:3: Missing } inserted.
<inserted text> 
                }
l.3 {} &         t &         x &     x_err &
                                                        x_un \\
I've inserted something that you may have forgotten.
(See the <inserted text> above.)
With luck, this will get me unwedged. But if you
really didn't forget anything, try typing `2' now; then
my insertion and my current dilemma will both disappear.

export.tex:3: Missing $ inserted.
<inserted text> 
                $
l.3 ...  t &         x &     x_err &            x_
                                                  un \\
I've inserted a begin-math/end-math symbol since I think
you left one out. Proceed, with fingers crossed.

export.tex:4: Extra }, or forgotten $.
<template> \unskip \hfil }
                          \hskip \tabcolsep \endtemplate 
l.4 \midrule
            
I've deleted a group-closing symbol because it seems to be
spurious, as in `$x}$'. But perhaps the } is legitimate and
you forgot something else, as in `\hbox{$x}'. In such cases
the way to recover is to insert both the forgotten and the
deleted material, e.g., by typing `I$}'.

export.tex:4: Missing $ inserted.
<inserted text> 
                $
l.4 \midrule
            
I've inserted a begin-math/end-math symbol since I think
you left one out. Proceed, with fingers crossed.

export.tex:4: Missing } inserted.
<inserted text> 
                }
l.4 \midrule
            
I've inserted something that you may have forgotten.
(See the <inserted text> above.)
With luck, this will get me unwedged. But if you
really didn't forget anything, try typing `2' now; then
my insertion and my current dilemma will both disappear.

export.tex:4: Undefined control sequence.
<recently read> \midrule 
                         
l.4 \midrule
            
The control sequence at the end of the top line
of your error message was never \def'ed. If you have
misspelled it (e.g., `\hobx'), type `I' and the correct
spelling (e.g., `I\hbox'). Otherwise just continue,
and I'll forget about whatever was undefined.

export.tex:5: Missing $ inserted.
<inserted text> 
                $
l.5 ...000000 &  0.003529 &  0.127406 &   0.00 \pm
                                                   0.13 \\
I've inserted a begin-math/end-math symbol since I think
you left one out. Proceed, with fingers crossed.

export.tex:6: Extra }, or forgotten $.
<template> \unskip \hfil }
                          \hskip \tabcolsep \endtemplate 
l.6 1
       &  0.010101 &  0.096066 &  0.136932 &   0.10 \pm 0.14 \\
I've deleted a group-closing symbol because it seems to be
spurious, as in `$x}$'. But perhaps the } is legitimate and
you forgot something else, as in `\hbox{$x}'. In such cases
the way to recover is to insert both the forgotten and the
deleted material, e.g., by typing `I$}'.

export.tex:6: Missing $ inserted.
<inserted text> 
                $
l.6 1
       &  0.010101 &  0.096066 &  0.136932 &   0.10 \pm 0.14 \\
I've inserted a begin-math/end-math symbol since I think
you left one out. Proceed, with fingers crossed.

export.tex:6: Missing } inserted.
<inserted text> 
                }
l.6 1
       &  0.010101 &  0.096066 &  0.136932 &   0.10 \pm 0.14 \\
I've inserted something that you may have forgotten.
(See the <inserted text> above.)
With luck, this will get me unwedged. But if you
really didn't forget anything, try typing `2' now; then
my insertion and my current dilemma will both disappear.

export.tex:6: Missing $ inserted.
<inserted text> 
                $
l.6 ...010101 &  0.096066 &  0.136932 &   0.10 \pm
                                                   0.14 \\
I've inserted a begin-math/end-math symbol since I think
you left one out. Proceed, with fingers crossed.

export.tex:7: Extra }, or forgotten $.
<template> \unskip \hfil }
                          \hskip \tabcolsep \endtemplate 
l.7 2
       &  0.020202 &  0.139047 &  0.127071 &   0.14 \pm 0.13 \\
I've deleted a group-closing symbol because it seems to be
spurious, as in `$x}$'. But perhaps the } is legitimate and
you forgot something else, as in `\hbox{$x}'. In such cases
the way to recover is to insert both the forgotten and the
deleted material, e.g., by typing `I$}'.

export.tex:7: Missing $ inserted.
<inserted text> 
                $
l.7 2
       &  0.020202 &  0.139047 &  0.127071 &   0.14 \pm 0.13 \\
I've inserted a begin-math/end-math symbol since I think
you left one out. Proceed, with fingers crossed.

export.tex:7: Missing } inserted.
<inserted text> 
                }
l.7 2
       &  0.020202 &  0.139047 &  0.127071 &   0.14 \pm 0.13 \\
I've inserted something that you may have forgotten.
(See the <inserted text> above.)
With luck, this will get me unwedged. But if you
really didn't forget anything, try typing `2' now; then
my insertion and my current dilemma will both disappear.

export.tex:7: Missing $ inserted.
<inserted text> 
                $
l.7 ...020202 &  0.139047 &  0.127071 &   0.14 \pm
                                                   0.13 \\
I've inserted a begin-math/end-math symbol since I think
you left one out. Proceed, with fingers crossed.

export.tex:8: Extra }, or forgotten $.
<template> \unskip \hfil }
                          \hskip \tabcolsep \endtemplate 
l.8 3
       &  0.030303 &  0.192188 &  0.101231 &   0.19 \pm 0.10 \\
I've deleted a group-closing symbol because it seems to be
spurious, as in `$x}$'. But perhaps the } is legitimate and
you forgot something else, as in `\hbox{$x}'. In such cases
the way to recover is to insert both the forgotten and the
deleted material, e.g., by typing `I$}'.

export.tex:8: Missing $ inserted.
<inserted text> 
                $
l.8 3
       &  0.030303 &  0.192188 &  0.101231 &   0.19 \pm 0.10 \\
I've inserted a begin-math/end-math symbol since I think
you left one out. Proceed, with fingers crossed.

export.tex:8: Missing } inserted.
<inserted text> 
                }
l.8 3
       &  0.030303 &  0.192188 &  0.101231 &   0.19 \pm 0.10 \\
I've inserted something that you may have forgotten.
(See the <inserted text> above.)
With luck, this will get me unwedged. But if you
really didn't forget anything, try typing `2' now; then
my insertion and my current dilemma will both disappear.

export.tex:8: Missing $ inserted.
<inserted text> 
                $
l.8 ...030303 &  0.192188 &  0.101231 &   0.19 \pm
                                                   0.10 \\
I've inserted a begin-math/end-math symbol since I think
you left one out. Proceed, with fingers crossed.

export.tex:9: Extra }, or forgotten $.
<template> \unskip \hfil }
                          \hskip \tabcolsep \endtemplate 
l.9 4
       &  0.040404 &  0.215363 &  0.103414 &   0.22 \pm 0.10 \\
I've deleted a group-closing symbol because it seems to be
spurious, as in `$x}$'. But perhaps the } is legitimate and
you forgot something else, as in `\hbox{$x}'. In such cases
the way to recover is to insert both the forgotten and the
deleted material, e.g., by typing `I$}'.

export.tex:9: Missing $ inserted.
<inserted text> 
                $
l.9 4
       &  0.040404 &  0.215363 &  0.103414 &   0.22 \pm 0.10 \\
I've inserted a begin-math/end-math symbol since I think
you left one out. Proceed, with fingers crossed.

export.tex:9: Missing } inserted.
<inserted text> 
                }
l.9 4
       &  0.040404 &  0.215363 &  0.103414 &   0.22 \pm 0.10 \\
I've inserted something that you may have forgotten.
(See the <inserted text> above.)
With luck, this will get me unwedged. But if you
really didn't forget anything, try typing `2' now; then
my insertion and my current dilemma will both disappear.

export.tex:9: Missing $ inserted.
<inserted text> 
                $
l.9 ...040404 &  0.215363 &  0.103414 &   0.22 \pm
                                                   0.10 \\
I've inserted a begin-math/end-math symbol since I think
you left one out. Proceed, with fingers crossed.

export.tex:10: Extra }, or forgotten $.
<template> \unskip \hfil }
                          \hskip \tabcolsep \endtemplate 
l.10 5
        &  0.050505 &  0.253969 &  0.121302 &   0.25 \pm 0.12 \\
I've deleted a group-closing symbol because it seems to be
spurious, as in `$x}$'. But perhaps the } is legitimate and
you forgot something else, as in `\hbox{$x}'. In such cases
the way to recover is to insert both the forgotten and the
deleted material, e.g., by typing `I$}'.

export.tex:10: Missing $ inserted.
<inserted text> 
                $
l.10 5
        &  0.050505 &  0.253969 &  0.121302 &   0.25 \pm 0.12 \\
I've inserted a begin-math/end-math symbol since I think
you left one out. Proceed, with fingers crossed.

export.tex:10: Missing } inserted.
<inserted text> 
                }
l.10 5
        &  0.050505 &  0.253969 &  0.121302 &   0.25 \pm 0.12 \\
I've inserted something that you may have forgotten.
(See the <inserted text> above.)
With luck, this will get me unwedged. But if you
really didn't forget anything, try typing `2' now; then
my insertion and my current dilemma will both disappear.

export.tex:10: Missing $ inserted.
<inserted text> 
                $
l.10 ...50505 &  0.253969 &  0.121302 &   0.25 \pm
                                                   0.12 \\
I've inserted a begin-math/end-math symbol since I think
you left one out. Proceed, with fingers crossed.

export.tex:11: Extra }, or forgotten $.
<template> \unskip \hfil }
                          \hskip \tabcolsep \endtemplate 
l.11 6
        &  0.060606 &  0.310621 &  0.103250 &   0.31 \pm 0.10 \\
I've deleted a group-closing symbol because it seems to be
spurious, as in `$x}$'. But perhaps the } is legitimate and
you forgot something else, as in `\hbox{$x}'. In such cases
the way to recover is to insert both the forgotten and the
deleted material, e.g., by typing `I$}'.

export.tex:11: Missing $ inserted.
<inserted text> 
                $
l.11 6
        &  0.060606 &  0.310621 &  0.103250 &   0.31 \pm 0.10 \\
I've inserted a begin-math/end-math symbol since I think
you left one out. Proceed, with fingers crossed.

export.tex:11: Missing } inserted.
<inserted text> 
                }
l.11 6
        &  0.060606 &  0.310621 &  0.103250 &   0.31 \pm 0.10 \\
I've inserted something that you may have forgotten.
(See the <inserted text> above.)
With luck, this will get me unwedged. But if you
really didn't forget anything, try typing `2' now; then
my insertion and my current dilemma will both disappear.

export.tex:11: Missing $ inserted.
<inserted text> 
                $
l.11 ...60606 &  0.310621 &  0.103250 &   0.31 \pm
                                                   0.10 \\
I've inserted a begin-math/end-math symbol since I think
you left one out. Proceed, with fingers crossed.

export.tex:12: Extra }, or forgotten $.
<template> \unskip \hfil }
                          \hskip \tabcolsep \endtemplate 
l.12 7
        &  0.070707 &  0.385386 &  0.136143 &   0.39 \pm 0.14 \\
I've deleted a group-closing symbol because it seems to be
spurious, as in `$x}$'. But perhaps the } is legitimate and
you forgot something else, as in `\hbox{$x}'. In such cases
the way to recover is to insert both the forgotten and the
deleted material, e.g., by typing `I$}'.

export.tex:12: Missing $ inserted.
<inserted text> 
                $
l.12 7
        &  0.070707 &  0.385386 &  0.136143 &   0.39 \pm 0.14 \\
I've inserted a begin-math/end-math symbol since I think
you left one out. Proceed, with fingers crossed.

export.tex:12: Missing } inserted.
<inserted text> 
                }
l.12 7
        &  0.070707 &  0.385386 &  0.136143 &   0.39 \pm 0.14 \\
I've inserted something that you may have forgotten.
(See the <inserted text> above.)
With luck, this will get me unwedged. But if you
really didn't forget anything, try typing `2' now; then
my insertion and my current dilemma will both disappear.

export.tex:12: Missing $ inserted.
<inserted text> 
                $
l.12 ...70707 &  0.385386 &  0.136143 &   0.39 \pm
                                                   0.14 \\
I've inserted a begin-math/end-math symbol since I think
you left one out. Proceed, with fingers crossed.

export.tex:13: Extra }, or forgotten $.
<template> \unskip \hfil }
                          \hskip \tabcolsep \endtemplate 
l.13 8
        &  0.080808 &  0.408522 &  0.148913 &   0.41 \pm 0.15 \\
I've deleted a group-closing symbol because it seems to be
spurious, as in `$x}$'. But perhaps the } is legitimate and
you forgot something else, as in `\hbox{$x}'. In such cases
the way to recover is to insert both the forgotten and the
deleted material, e.g., by typing `I$}'.

export.tex:13: Missing $ inserted.
<inserted text> 
                $
l.13 8
        &  0.080808 &  0.408522 &  0.148913 &   0.41 \pm 0.15 \\
I've inserted a begin-math/end-math symbol since I think
you left one out. Proceed, with fingers crossed.

export.tex:13: Missing } inserted.
<inserted text> 
                }
l.13 8
        &  0.080808 &  0.408522 &  0.148913 &   0.41 \pm 0.15 \\
I've inserted something that you may have forgotten.
(See the <inserted text> above.)
With luck, this will get me unwedged. But if you
really didn't forget anything, try typing `2' now; then
my insertion and my current dilemma will both disappear.

export.tex:13: Missing $ inserted.
<inserted text> 
                $
l.13 ...80808 &  0.408522 &  0.148913 &   0.41 \pm
                                                   0.15 \\
I've inserted a begin-math/end-math symbol since I think
you left one out. Proceed, with fingers crossed.

export.tex:14: Extra }, or forgotten $.
<template> \unskip \hfil }
                          \hskip \tabcolsep \endtemplate 
l.14 9
        &  0.090909 &  0.440534 &  0.136120 &   0.44 \pm 0.14 \\
I've deleted a group-closing symbol because it seems to be
spurious, as in `$x}$'. But perhaps the } is legitimate and
you forgot something else, as in `\hbox{$x}'. In such cases
the way to recover is to insert both the forgotten and the
deleted material, e.g., by typing `I$}'.

export.tex:14: Missing $ inserted.
<inserted text> 
                $
l.14 9
        &  0.090909 &  0.440534 &  0.136120 &   0.44 \pm 0.14 \\
I've inserted a begin-math/end-math symbol since I think
you left one out. Proceed, with fingers crossed.

export.tex:14: Missing } inserted.
<inserted text> 
                }
l.14 9
        &  0.090909 &  0.440534 &  0.136120 &   0.44 \pm 0.14 \\
I've inserted something that you may have forgotten.
(See the <inserted text> above.)
With luck, this will get me unwedged. But if you
really didn't forget anything, try typing `2' now; then
my insertion and my current dilemma will both disappear.

export.tex:14: Missing $ inserted.
<inserted text> 
                $
l.14 ...90909 &  0.440534 &  0.136120 &   0.44 \pm
                                                   0.14 \\
I've inserted a begin-math/end-math symbol since I think
you left one out. Proceed, with fingers crossed.

export.tex:15: Extra }, or forgotten $.
<template> \unskip \hfil }
                          \hskip \tabcolsep \endtemplate 
l.15 1
      0 &  0.101010 &  0.520367 &  0.114256 &   0.52 \pm 0.11 \\
I've deleted a group-closing symbol because it seems to be
spurious, as in `$x}$'. But perhaps the } is legitimate and
you forgot something else, as in `\hbox{$x}'. In such cases
the way to recover is to insert both the forgotten and the
deleted material, e.g., by typing `I$}'.

export.tex:15: Missing $ inserted.
<inserted text> 
                $
l.15 1
      0 &  0.101010 &  0.520367 &  0.114256 &   0.52 \pm 0.11 \\
I've inserted a begin-math/end-math symbol since I think
you left one out. Proceed, with fingers crossed.

export.tex:15: Missing } inserted.
<inserted text> 
                }
l.15 1
      0 &  0.101010 &  0.520367 &  0.114256 &   0.52 \pm 0.11 \\
I've inserted something that you may have forgotten.
(See the <inserted text> above.)
With luck, this will get me unwedged. But if you
really didn't forget anything, try typing `2' now; then
my insertion and my current dilemma will both disappear.

export.tex:15: Missing $ inserted.
<inserted text> 
                $
l.15 ...01010 &  0.520367 &  0.114256 &   0.52 \pm
                                                   0.11 \\
I've inserted a begin-math/end-math symbol since I think
you left one out. Proceed, with fingers crossed.

export.tex:16: Extra }, or forgotten $.
<template> \unskip \hfil }
                          \hskip \tabcolsep \endtemplate 
l.16 1
      1 &  0.111111 &  0.573809 &  0.138699 &   0.57 \pm 0.14 \\
I've deleted a group-closing symbol because it seems to be
spurious, as in `$x}$'. But perhaps the } is legitimate and
you forgot something else, as in `\hbox{$x}'. In such cases
the way to recover is to insert both the forgotten and the
deleted material, e.g., by typing `I$}'.

export.tex:16: Missing $ inserted.
<inserted text> 
                $
l.16 1
      1 &  0.111111 &  0.573809 &  0.138699 &   0.57 \pm 0.14 \\
I've inserted a begin-math/end-math symbol since I think
you left one out. Proceed, with fingers crossed.

export.tex:16: Missing } inserted.
<inserted text> 
                }
l.16 1
      1 &  0.111111 &  0.573809 &  0.138699 &   0.57 \pm 0.14 \\
I've inserted something that you may have forgotten.
(See the <inserted text> above.)
With luck, this will get me unwedged. But if you
really didn't forget anything, try typing `2' now; then
my insertion and my current dilemma will both disappear.

export.tex:16: Missing $ inserted.
<inserted text> 
                $
l.16 ...11111 &  0.573809 &  0.138699 &   0.57 \pm
                                                   0.14 \\
I've inserted a begin-math/end-math symbol since I think
you left one out. Proceed, with fingers crossed.

export.tex:17: Extra }, or forgotten $.
<template> \unskip \hfil }
                          \hskip \tabcolsep \endtemplate 
l.17 1
      2 &  0.121212 &  0.594364 &  0.109007 &   0.59 \pm 0.11 \\
I've deleted a group-closing symbol because it seems to be
spurious, as in `$x}$'. But perhaps the } is legitimate and
you forgot something else, as in `\hbox{$x}'. In such cases
the way to recover is to insert both the forgotten and the
deleted material, e.g., by typing `I$}'.

export.tex:17: Missing $ inserted.
<inserted text> 
                $
l.17 1
      2 &  0.121212 &  0.594364 &  0.109007 &   0.59 \pm 0.11 \\
I've inserted a begin-math/end-math symbol since I think
you left one out. Proceed, with fingers crossed.

export.tex:17: Missing } inserted.
<inserted text> 
                }
l.17 1
      2 &  0.121212 &  0.594364 &  0.109007 &   0.59 \pm 0.11 \\
I've inserted something that you may have forgotten.
(See the <inserted text> above.)
With luck, this will get me unwedged. But if you
really didn't forget anything, try typing `2' now; then
my insertion and my current dilemma will both disappear.

export.tex:17: Missing $ inserted.
<inserted text> 
                $
l.17 ...21212 &  0.594364 &  0.109007 &   0.59 \pm
                                                   0.11 \\
I've inserted a begin-math/end-math symbol since I think
you left one out. Proceed, with fingers crossed.

export.tex:18: Extra }, or forgotten $.
<template> \unskip \hfil }
                          \hskip \tabcolsep \endtemplate 
l.18 1
      3 &  0.131313 &  0.616546 &  0.109533 &   0.62 \pm 0.11 \\
I've deleted a group-closing symbol because it seems to be
spurious, as in `$x}$'. But perhaps the } is legitimate and
you forgot something else, as in `\hbox{$x}'. In such cases
the way to recover is to insert both the forgotten and the
deleted material, e.g., by typing `I$}'.

export.tex:18: Missing $ inserted.
<inserted text> 
                $
l.18 1
      3 &  0.131313 &  0.616546 &  0.109533 &   0.62 \pm 0.11 \\
I've inserted a begin-math/end-math symbol since I think
you left one out. Proceed, with fingers crossed.

export.tex:18: Missing } inserted.
<inserted text> 
                }
l.18 1
      3 &  0.131313 &  0.616546 &  0.109533 &   0.62 \pm 0.11 \\
I've inserted something that you may have forgotten.
(See the <inserted text> above.)
With luck, this will get me unwedged. But if you
really didn't forget anything, try typing `2' now; then
my insertion and my current dilemma will both disappear.

export.tex:18: Missing $ inserted.
<inserted text> 
                $
l.18 ...31313 &  0.616546 &  0.109533 &   0.62 \pm
                                                   0.11 \\
I've inserted a begin-math/end-math symbol since I think
you left one out. Proceed, with fingers crossed.

export.tex:19: Extra }, or forgotten $.
<template> \unskip \hfil }
                          \hskip \tabcolsep \endtemplate 
l.19 1
      4 &  0.141414 &  0.695120 &  0.127847 &   0.70 \pm 0.13 \\
I've deleted a group-closing symbol because it seems to be
spurious, as in `$x}$'. But perhaps the } is legitimate and
you forgot something else, as in `\hbox{$x}'. In such cases
the way to recover is to insert both the forgotten and the
deleted material, e.g., by typing `I$}'.

export.tex:19: Missing $ inserted.
<inserted text> 
                $
l.19 1
      4 &  0.141414 &  0.695120 &  0.127847 &   0.70 \pm 0.13 \\
I've inserted a begin-math/end-math symbol since I think
you left one out. Proceed, with fingers crossed.

export.tex:19: Missing } inserted.
<inserted text> 
                }
l.19 1
      4 &  0.141414 &  0.695120 &  0.127847 &   0.70 \pm 0.13 \\
I've inserted something that you may have forgotten.
(See the <inserted text> above.)
With luck, this will get me unwedged. But if you
really didn't forget anything, try typing `2' now; then
my insertion and my current dilemma will both disappear.

export.tex:19: Missing $ inserted.
<inserted text> 
                $
l.19 ...41414 &  0.695120 &  0.127847 &   0.70 \pm
                                                   0.13 \\
I've inserted a begin-math/end-math symbol since I think
you left one out. Proceed, with fingers crossed.

export.tex:20: Extra }, or forgotten $.
<template> \unskip \hfil }
                          \hskip \tabcolsep \endtemplate 
l.20 1
      5 &  0.151515 &  0.707053 &  0.120255 &   0.71 \pm 0.12 \\
I've deleted a group-closing symbol because it seems to be
spurious, as in `$x}$'. But perhaps the } is legitimate and
you forgot something else, as in `\hbox{$x}'. In such cases
the way to recover is to insert both the forgotten and the
deleted material, e.g., by typing `I$}'.

export.tex:20: Missing $ inserted.
<inserted text> 
                $
l.20 1
      5 &  0.151515 &  0.707053 &  0.120255 &   0.71 \pm 0.12 \\
I've inserted a begin-math/end-math symbol since I think
you left one out. Proceed, with fingers crossed.

export.tex:20: Missing } inserted.
<inserted text> 
                }
l.20 1
      5 &  0.151515 &  0.707053 &  0.120255 &   0.71 \pm 0.12 \\
I've inserted something that you may have forgotten.
(See the <inserted text> above.)
With luck, this will get me unwedged. But if you
really didn't forget anything, try typing `2' now; then
my insertion and my current dilemma will both disappear.

export.tex:20: Missing $ inserted.
<inserted text> 
                $
l.20 ...51515 &  0.707053 &  0.120255 &   0.71 \pm
                                                   0.12 \\
I've inserted a begin-math/end-math symbol since I think
you left one out. Proceed, with fingers crossed.

export.tex:21: Extra }, or forgotten $.
<template> \unskip \hfil }
                          \hskip \tabcolsep \endtemplate 
l.21 1
      6 &  0.161616 &  0.759178 &  0.104612 &   0.76 \pm 0.10 \\
I've deleted a group-closing symbol because it seems to be
spurious, as in `$x}$'. But perhaps the } is legitimate and
you forgot something else, as in `\hbox{$x}'. In such cases
the way to recover is to insert both the forgotten and the
deleted material, e.g., by typing `I$}'.

export.tex:21: Missing $ inserted.
<inserted text> 
                $
l.21 1
      6 &  0.161616 &  0.759178 &  0.104612 &   0.76 \pm 0.10 \\
I've inserted a begin-math/end-math symbol since I think
you left one out. Proceed, with fingers crossed.

export.tex:21: Missing } inserted.
<inserted text> 
                }
l.21 1
      6 &  0.161616 &  0.759178 &  0.104612 &   0.76 \pm 0.10 \\
I've inserted something that you may have forgotten.
(See the <inserted text> above.)
With luck, this will get me unwedged. But if you
really didn't forget anything, try typing `2' now; then
my insertion and my current dilemma will both disappear.

export.tex:21: Missing $ inserted.
<inserted text> 
                $
l.21 ...61616 &  0.759178 &  0.104612 &   0.76 \pm
                                                   0.10 \\
I've inserted a begin-math/end-math symbol since I think
you left one out. Proceed, with fingers crossed.

export.tex:22: Extra }, or forgotten $.
<template> \unskip \hfil }
                          \hskip \tabcolsep \endtemplate 
l.22 1
      7 &  0.171717 &  0.778767 &  0.145048 &   0.78 \pm 0.15 \\
I've deleted a group-closing symbol because it seems to be
spurious, as in `$x}$'. But perhaps the } is legitimate and
you forgot something else, as in `\hbox{$x}'. In such cases
the way to recover is to insert both the forgotten and the
deleted material, e.g., by typing `I$}'.

export.tex:22: Missing $ inserted.
<inserted text> 
                $
l.22 1
      7 &  0.171717 &  0.778767 &  0.145048 &   0.78 \pm 0.15 \\
I've inserted a begin-math/end-math symbol since I think
you left one out. Proceed, with fingers crossed.

export.tex:22: Missing } inserted.
<inserted text> 
                }
l.22 1
      7 &  0.171717 &  0.778767 &  0.145048 &   0.78 \pm 0.15 \\
I've inserted something that you may have forgotten.
(See the <inserted text> above.)
With luck, this will get me unwedged. But if you
really didn't forget anything, try typing `2' now; then
my insertion and my current dilemma will both disappear.

export.tex:22: Missing $ inserted.
<inserted text> 
                $
l.22 ...71717 &  0.778767 &  0.145048 &   0.78 \pm
                                                   0.15 \\
I've inserted a begin-math/end-math symbol since I think
you left one out. Proceed, with fingers crossed.

export.tex:23: Extra }, or forgotten $.
<template> \unskip \hfil }
                          \hskip \tabcolsep \endtemplate 
l.23 1
      8 &  0.181818 &  0.834128 &  0.143518 &   0.83 \pm 0.14 \\
I've deleted a group-closing symbol because it seems to be
spurious, as in `$x}$'. But perhaps the } is legitimate and
you forgot something else, as in `\hbox{$x}'. In such cases
the way to recover is to insert both the forgotten and the
deleted material, e.g., by typing `I$}'.

export.tex:23: Missing $ inserted.
<inserted text> 
                $
l.23 1
      8 &  0.181818 &  0.834128 &  0.143518 &   0.83 \pm 0.14 \\
I've inserted a begin-math/end-math symbol since I think
you left one out. Proceed, with fingers crossed.

export.tex:23: Missing } inserted.
<inserted text> 
                }
l.23 1
      8 &  0.181818 &  0.834128 &  0.143518 &   0.83 \pm 0.14 \\
I've inserted something that you may have forgotten.
(See the <inserted text> above.)
With luck, this will get me unwedged. But if you
really didn't forget anything, try typing `2' now; then
my insertion and my current dilemma will both disappear.

export.tex:23: Missing $ inserted.
<inserted text> 
                $
l.23 ...81818 &  0.834128 &  0.143518 &   0.83 \pm
                                                   0.14 \\
I've inserted a begin-math/end-math symbol since I think
you left one out. Proceed, with fingers crossed.

export.tex:24: Extra }, or forgotten $.
<template> \unskip \hfil }
                          \hskip \tabcolsep \endtemplate 
l.24 1
      9 &  0.191919 &  0.847664 &  0.109889 &   0.85 \pm 0.11 \\
I've deleted a group-closing symbol because it seems to be
spurious, as in `$x}$'. But perhaps the } is legitimate and
you forgot something else, as in `\hbox{$x}'. In such cases
the way to recover is to insert both the forgotten and the
deleted material, e.g., by typing `I$}'.

export.tex:24: Missing $ inserted.
<inserted text> 
                $
l.24 1
      9 &  0.191919 &  0.847664 &  0.109889 &   0.85 \pm 0.11 \\
I've inserted a begin-math/end-math symbol since I think
you left one out. Proceed, with fingers crossed.

export.tex:24: Missing } inserted.
<inserted text> 
                }
l.24 1
      9 &  0.191919 &  0.847664 &  0.109889 &   0.85 \pm 0.11 \\
I've inserted something that you may have forgotten.
(See the <inserted text> above.)
With luck, this will get me unwedged. But if you
really didn't forget anything, try typing `2' now; then
my insertion and my current dilemma will both disappear.

export.tex:24: Missing $ inserted.
<inserted text> 
                $
l.24 ...91919 &  0.847664 &  0.109889 &   0.85 \pm
                                                   0.11 \\
I've inserted a begin-math/end-math symbol since I think
you left one out. Proceed, with fingers crossed.

export.tex:25: Extra }, or forgotten $.
<template> \unskip \hfil }
                          \hskip \tabcolsep \endtemplate 
l.25 2
      0 &  0.202020 &  0.871750 &  0.134872 &   0.87 \pm 0.13 \\
I've deleted a group-closing symbol because it seems to be
spurious, as in `$x}$'. But perhaps the } is legitimate and
you forgot something else, as in `\hbox{$x}'. In such cases
the way to recover is to insert both the forgotten and the
deleted material, e.g., by typing `I$}'.

export.tex:25: Missing $ inserted.
<inserted text> 
                $
l.25 2
      0 &  0.202020 &  0.871750 &  0.134872 &   0.87 \pm 0.13 \\
I've inserted a begin-math/end-math symbol since I think
you left one out. Proceed, with fingers crossed.

export.tex:25: Missing } inserted.
<inserted text> 
                }
l.25 2
      0 &  0.202020 &  0.871750 &  0.134872 &   0.87 \pm 0.13 \\
I've inserted something that you may have forgotten.
(See the <inserted text> above.)
With luck, this will get me unwedged. But if you
really didn't forget anything, try typing `2' now; then
my insertion and my current dilemma will both disappear.

export.tex:25: Missing $ inserted.
<inserted text> 
                $
l.25 ...02020 &  0.871750 &  0.134872 &   0.87 \pm
                                                   0.13 \\
I've inserted a begin-math/end-math symbol since I think
you left one out. Proceed, with fingers crossed.

export.tex:26: Extra }, or forgotten $.
<template> \unskip \hfil }
                          \hskip \tabcolsep \endtemplate 
l.26 2
      1 &  0.212121 &  0.880973 &  0.108746 &   0.88 \pm 0.11 \\
I've deleted a group-closing symbol because it seems to be
spurious, as in `$x}$'. But perhaps the } is legitimate and
you forgot something else, as in `\hbox{$x}'. In such cases
the way to recover is to insert both the forgotten and the
deleted material, e.g., by typing `I$}'.

export.tex:26: Missing $ inserted.
<inserted text> 
                $
l.26 2
      1 &  0.212121 &  0.880973 &  0.108746 &   0.88 \pm 0.11 \\
I've inserted a begin-math/end-math symbol since I think
you left one out. Proceed, with fingers crossed.

export.tex:26: Missing } inserted.
<inserted text> 
                }
l.26 2
      1 &  0.212121 &  0.880973 &  0.108746 &   0.88 \pm 0.11 \\
I've inserted something that you may have forgotten.
(See the <inserted text> above.)
With luck, this will get me unwedged. But if you
really didn't forget anything, try typing `2' now; then
my insertion and my current dilemma will both disappear.

export.tex:26: Missing $ inserted.
<inserted text> 
                $
l.26 ...12121 &  0.880973 &  0.108746 &   0.88 \pm
                                                   0.11 \\
I've inserted a begin-math/end-math symbol since I think
you left one out. Proceed, with fingers crossed.

export.tex:27: Extra }, or forgotten $.
<template> \unskip \hfil }
                          \hskip \tabcolsep \endtemplate 
l.27 2
      2 &  0.222222 &  0.927638 &  0.127257 &   0.93 \pm 0.13 \\
I've deleted a group-closing symbol because it seems to be
spurious, as in `$x}$'. But perhaps the } is legitimate and
you forgot something else, as in `\hbox{$x}'. In such cases
the way to recover is to insert both the forgotten and the
deleted material, e.g., by typing `I$}'.

export.tex:27: Missing $ inserted.
<inserted text> 
                $
l.27 2
      2 &  0.222222 &  0.927638 &  0.127257 &   0.93 \pm 0.13 \\
I've inserted a begin-math/end-math symbol since I think
you left one out. Proceed, with fingers crossed.

export.tex:27: Missing } inserted.
<inserted text> 
                }
l.27 2
      2 &  0.222222 &  0.927638 &  0.127257 &   0.93 \pm 0.13 \\
I've inserted something that you may have forgotten.
(See the <inserted text> above.)
With luck, this will get me unwedged. But if you
really didn't forget anything, try typing `2' now; then
my insertion and my current dilemma will both disappear.

export.tex:27: Missing $ inserted.
<inserted text> 
                $
l.27 ...22222 &  0.927638 &  0.127257 &   0.93 \pm
                                                   0.13 \\
I've inserted a begin-math/end-math symbol since I think
you left one out. Proceed, with fingers crossed.

export.tex:28: Extra }, or forgotten $.
<template> \unskip \hfil }
                          \hskip \tabcolsep \endtemplate 
l.28 2
      3 &  0.232323 &  0.952697 &  0.115231 &   0.95 \pm 0.12 \\
(That makes 100 errors; please try again.) 
Here is how much of TeX's memory you used:
 1155 strings out of 478384
 18314 string characters out of 2847573
 321187 words of memory out of 3000000
 19602 multiletter control sequences out of 15000+600000
 469713 words of font info for 30 fonts, out of 8000000 for 9000
 1141 hyphenation exceptions out of 8191
 54i,8n,62p,271b,101s stack positions out of 10000i,1000n,20000p,200000b,80000s

export.tex:28:  ==> Fatal error occurred, no output PDF file produced!
